<?xml version="1.0" encoding="UTF-8"?>
<!-- Generated by org.testng.reporters.JUnitXMLReporter -->
<testsuite hostname="LP-5CD6518TWJ" ignored="0" name="Command line test" tests="3" failures="0" timestamp="2021-01-20T14:23:19 IST" time="0.127" errors="0">
  <testcase name="FlightBooking" time="0.002" classname="Banking.AppTest"/>
  <testcase name="FlightCancel" time="0.0" classname="Banking.AppTest"/>
  <testcase name="OpeningBrowser" time="0.001" classname="Banking.AppTest"/>
</testsuite> <!-- Command line test -->
