<?xml version="1.0" encoding="UTF-8"?>
<!-- Generated by org.testng.reporters.JUnitXMLReporter -->
<testsuite hostname="LP-5CD6518TWJ" ignored="0" name="Smoke Testcases" tests="3" failures="0" timestamp="2021-01-20T14:25:04 IST" time="0.109" errors="0">
  <testcase name="FlightBooking" time="0.006" classname="testngFiles.Annotations"/>
  <testcase name="OpeningBrowser" time="0.0" classname="testngFiles.Annotations"/>
  <testcase name="software" time="0.0" classname="testngFiles.Annot2"/>
</testsuite> <!-- Smoke Testcases -->
